<?xml version="1.0" encoding="UTF-8"?>
<testng-results skipped="0" failed="0" ignored="0" total="0" passed="0">
  <reporter-output>
  </reporter-output>
  <suite name="utils.com.Test" duration-ms="14823" started-at="2020-05-30T13:36:09 IST" finished-at="2020-05-30T13:36:23 IST">
    <groups>
    </groups>
    <test name="Command line test" duration-ms="14823" started-at="2020-05-30T13:36:09 IST" finished-at="2020-05-30T13:36:23 IST">
      <class name="utils.com.Test">
        <test-method status="PASS" signature="opening_MakeMyTrip_Site()[pri:0, instance:utils.com.Test@3abbfa04]" name="opening_MakeMyTrip_Site" is-config="true" duration-ms="14793" started-at="2020-05-30T13:36:09 IST" finished-at="2020-05-30T13:36:23 IST">
          <reporter-output>
          </reporter-output>
        </test-method> <!-- opening_MakeMyTrip_Site -->
      </class> <!-- utils.com.Test -->
    </test> <!-- Command line test -->
  </suite> <!-- utils.com.Test -->
</testng-results>
